<?xml version="1.0" encoding="UTF-8"?>
<coverage generated="1550495736531" clover="3.2.0">
  <project timestamp="1550495736531" name="All files">
    <metrics statements="4" coveredstatements="4" conditionals="2" coveredconditionals="1" methods="2" coveredmethods="2" elements="8" coveredelements="7" complexity="0" loc="4" ncloc="4" packages="1" files="1" classes="1"/>
    <file name="cruiseTicket.js" path="/Users/cesarecamurani/Desktop/Cesare/Makers/Review_exercises/cruiseTicket/src/cruiseTicket.js">
      <metrics statements="4" coveredstatements="4" conditionals="2" coveredconditionals="1" methods="2" coveredmethods="2"/>
      <line num="4" count="2" type="stmt"/>
      <line num="10" count="1" type="stmt"/>
      <line num="11" count="1" type="cond" truecount="1" falsecount="1"/>
      <line num="12" count="1" type="stmt"/>
    </file>
  </project>
</coverage>
